<?xml version="1.0" encoding="UTF-8"?>
<!-- Generated by org.testng.reporters.JUnitXMLReporter -->
<testsuite ignored="0" hostname="Hello-69" failures="0" tests="3" name="Test" time="25.292" errors="0" timestamp="2023-08-30T21:51:53 IST">
  <testcase classname="TestCase.AutoCompleteTest" name="Autocomplete" time="3.635"/>
  <testcase classname="TestCase.ButtonsTest" name="Buttons" time="0.873"/>
  <testcase classname="TestCase.CheckboxTest" name="Checkbox" time="0.665"/>
</testsuite> <!-- Test -->
